0 info it worked if it ends with ok
1 verbose cli [ '/Users/Arthur/.nvm/versions/node/v6.0.0/bin/node',
1 verbose cli   '/Users/Arthur/.nvm/versions/node/v6.0.0/bin/npm',
1 verbose cli   'start' ]
2 info using npm@3.8.6
3 info using node@v6.0.0
4 verbose run-script [ 'prestart', 'start', 'poststart' ]
5 info lifecycle sbblockchain@0.0.0~prestart: sbblockchain@0.0.0
6 silly lifecycle sbblockchain@0.0.0~prestart: no script for prestart, continuing
7 info lifecycle sbblockchain@0.0.0~start: sbblockchain@0.0.0
8 verbose lifecycle sbblockchain@0.0.0~start: unsafe-perm in lifecycle true
9 verbose lifecycle sbblockchain@0.0.0~start: PATH: /Users/Arthur/.nvm/versions/node/v6.0.0/lib/node_modules/npm/bin/node-gyp-bin:/Users/Arthur/Programming/DS/dssite/node_modules/.bin:/Users/Arthur/.nvm/versions/node/v6.0.0/bin:/Library/Frameworks/Python.framework/Versions/3.6/bin:/Users/Arthur/.rvm/gems/ruby-2.3.0/bin:/Users/Arthur/.rvm/gems/ruby-2.3.0@global/bin:/Users/Arthur/.rvm/rubies/ruby-2.3.0/bin:/Users/Arthur/Library/google-cloud-sdk/path.bash.inc:/Users/Arthur/.nvm/versions/node/v6.0.0/bin:/Users/Arthur/Library/Android/sdk/tools:/Users/Arthur/Library/Android/sdk/platform-tools:/usr/local/bin:/usr/bin:/bin:/usr/sbin:/sbin:${ANT_HOME}/bin:/Users/Arthur/.rvm/bin
10 verbose lifecycle sbblockchain@0.0.0~start: CWD: /Users/Arthur/Programming/DS/dssite
11 silly lifecycle sbblockchain@0.0.0~start: Args: [ '-c', 'node ./bin/www' ]
12 silly lifecycle sbblockchain@0.0.0~start: Returned: code: 1  signal: null
13 info lifecycle sbblockchain@0.0.0~start: Failed to exec start script
14 verbose stack Error: sbblockchain@0.0.0 start: `node ./bin/www`
14 verbose stack Exit status 1
14 verbose stack     at EventEmitter.<anonymous> (/Users/Arthur/.nvm/versions/node/v6.0.0/lib/node_modules/npm/lib/utils/lifecycle.js:239:16)
14 verbose stack     at emitTwo (events.js:106:13)
14 verbose stack     at EventEmitter.emit (events.js:191:7)
14 verbose stack     at ChildProcess.<anonymous> (/Users/Arthur/.nvm/versions/node/v6.0.0/lib/node_modules/npm/lib/utils/spawn.js:24:14)
14 verbose stack     at emitTwo (events.js:106:13)
14 verbose stack     at ChildProcess.emit (events.js:191:7)
14 verbose stack     at maybeClose (internal/child_process.js:850:16)
14 verbose stack     at Process.ChildProcess._handle.onexit (internal/child_process.js:215:5)
15 verbose pkgid sbblockchain@0.0.0
16 verbose cwd /Users/Arthur/Programming/DS/dssite
17 error Darwin 15.6.0
18 error argv "/Users/Arthur/.nvm/versions/node/v6.0.0/bin/node" "/Users/Arthur/.nvm/versions/node/v6.0.0/bin/npm" "start"
19 error node v6.0.0
20 error npm  v3.8.6
21 error code ELIFECYCLE
22 error sbblockchain@0.0.0 start: `node ./bin/www`
22 error Exit status 1
23 error Failed at the sbblockchain@0.0.0 start script 'node ./bin/www'.
23 error Make sure you have the latest version of node.js and npm installed.
23 error If you do, this is most likely a problem with the sbblockchain package,
23 error not with npm itself.
23 error Tell the author that this fails on your system:
23 error     node ./bin/www
23 error You can get information on how to open an issue for this project with:
23 error     npm bugs sbblockchain
23 error Or if that isn't available, you can get their info via:
23 error     npm owner ls sbblockchain
23 error There is likely additional logging output above.
24 verbose exit [ 1, true ]
